0 info it worked if it ends with ok
1 verbose cli [ 'C:\\Users\\erinn\\AppData\\Local\\.meteor\\packages\\meteor-tool\\1.4.1_2\\mt-os.windows.x86_32\\dev_bundle\\bin\\node.exe',
1 verbose cli   'C:\\Users\\erinn\\AppData\\Local\\.meteor\\packages\\meteor-tool\\1.4.1_2\\mt-os.windows.x86_32\\dev_bundle\\lib\\node_modules\\npm\\bin\\npm-cli.js',
1 verbose cli   'install',
1 verbose cli   '--save',
1 verbose cli   'bcrypt' ]
2 info using npm@3.10.8
3 info using node@v4.6.0
4 silly loadCurrentTree Starting
5 silly install loadCurrentTree
6 silly install readLocalPackageData
7 silly fetchPackageMetaData bcrypt
8 silly fetchNamedPackageData bcrypt
9 silly mapToRegistry name bcrypt
10 silly mapToRegistry using default registry
11 silly mapToRegistry registry https://registry.npmjs.org/
12 silly mapToRegistry data Result {
12 silly mapToRegistry   raw: 'bcrypt',
12 silly mapToRegistry   scope: null,
12 silly mapToRegistry   escapedName: 'bcrypt',
12 silly mapToRegistry   name: 'bcrypt',
12 silly mapToRegistry   rawSpec: '',
12 silly mapToRegistry   spec: 'latest',
12 silly mapToRegistry   type: 'tag' }
13 silly mapToRegistry uri https://registry.npmjs.org/bcrypt
14 verbose request uri https://registry.npmjs.org/bcrypt
15 verbose request no auth needed
16 info attempt registry request try #1 at 9:55:37 PM
17 verbose request id 78c4ed238682744a
18 verbose etag "2FF0346IN4BKU77Q7FZUE13K3"
19 http request GET https://registry.npmjs.org/bcrypt
20 http 200 https://registry.npmjs.org/bcrypt
21 verbose headers { server: 'CouchDB/1.5.0 (Erlang OTP/R16B03)',
21 verbose headers   etag: '"2W7CTWO1ETKY4R5XARYMM9SFN"',
21 verbose headers   'content-type': 'application/json',
21 verbose headers   'content-encoding': 'gzip',
21 verbose headers   'cache-control': 'max-age=300',
21 verbose headers   'content-length': '11903',
21 verbose headers   'accept-ranges': 'bytes',
21 verbose headers   date: 'Sun, 09 Oct 2016 10:55:34 GMT',
21 verbose headers   via: '1.1 varnish',
21 verbose headers   age: '0',
21 verbose headers   connection: 'keep-alive',
21 verbose headers   'x-served-by': 'cache-syd1626-SYD',
21 verbose headers   'x-cache': 'MISS',
21 verbose headers   'x-cache-hits': '0',
21 verbose headers   'x-timer': 'S1476010534.059803,VS0,VE447',
21 verbose headers   vary: 'Accept-Encoding' }
22 silly get cb [ 200,
22 silly get   { server: 'CouchDB/1.5.0 (Erlang OTP/R16B03)',
22 silly get     etag: '"2W7CTWO1ETKY4R5XARYMM9SFN"',
22 silly get     'content-type': 'application/json',
22 silly get     'content-encoding': 'gzip',
22 silly get     'cache-control': 'max-age=300',
22 silly get     'content-length': '11903',
22 silly get     'accept-ranges': 'bytes',
22 silly get     date: 'Sun, 09 Oct 2016 10:55:34 GMT',
22 silly get     via: '1.1 varnish',
22 silly get     age: '0',
22 silly get     connection: 'keep-alive',
22 silly get     'x-served-by': 'cache-syd1626-SYD',
22 silly get     'x-cache': 'MISS',
22 silly get     'x-cache-hits': '0',
22 silly get     'x-timer': 'S1476010534.059803,VS0,VE447',
22 silly get     vary: 'Accept-Encoding' } ]
23 verbose get saving bcrypt to C:\Users\erinn\AppData\Roaming\npm-cache\registry.npmjs.org\bcrypt\.cache.json
24 verbose correctMkdir C:\Users\erinn\AppData\Roaming\npm-cache correctMkdir not in flight; initializing
25 silly install normalizeTree
26 silly loadCurrentTree Finishing
27 silly loadIdealTree Starting
28 silly install loadIdealTree
29 silly cloneCurrentTree Starting
30 silly install cloneCurrentTreeToIdealTree
31 silly cloneCurrentTree Finishing
32 silly loadShrinkwrap Starting
33 silly install loadShrinkwrap
34 silly loadShrinkwrap Finishing
35 silly loadAllDepsIntoIdealTree Starting
36 silly install loadAllDepsIntoIdealTree
37 silly resolveWithNewModule bcrypt@0.8.7 checking installable status
38 silly cache add args [ 'bcrypt', null ]
39 verbose cache add spec bcrypt
40 silly cache add parsed spec Result {
40 silly cache add   raw: 'bcrypt',
40 silly cache add   scope: null,
40 silly cache add   escapedName: 'bcrypt',
40 silly cache add   name: 'bcrypt',
40 silly cache add   rawSpec: '',
40 silly cache add   spec: 'latest',
40 silly cache add   type: 'tag' }
41 silly addNamed bcrypt@latest
42 verbose addNamed "latest" is being treated as a dist-tag for bcrypt
43 info addNameTag [ 'bcrypt', 'latest' ]
44 silly mapToRegistry name bcrypt
45 silly mapToRegistry using default registry
46 silly mapToRegistry registry https://registry.npmjs.org/
47 silly mapToRegistry data Result {
47 silly mapToRegistry   raw: 'bcrypt',
47 silly mapToRegistry   scope: null,
47 silly mapToRegistry   escapedName: 'bcrypt',
47 silly mapToRegistry   name: 'bcrypt',
47 silly mapToRegistry   rawSpec: '',
47 silly mapToRegistry   spec: 'latest',
47 silly mapToRegistry   type: 'tag' }
48 silly mapToRegistry uri https://registry.npmjs.org/bcrypt
49 verbose addNameTag registry:https://registry.npmjs.org/bcrypt not in flight; fetching
50 verbose get https://registry.npmjs.org/bcrypt not expired, no request
51 silly addNameTag next cb for bcrypt with tag latest
52 silly addNamed bcrypt@0.8.7
53 verbose addNamed "0.8.7" is a plain semver version for bcrypt
54 silly cache afterAdd bcrypt@0.8.7
55 verbose afterAdd C:\Users\erinn\AppData\Roaming\npm-cache\bcrypt\0.8.7\package\package.json not in flight; writing
56 verbose correctMkdir C:\Users\erinn\AppData\Roaming\npm-cache correctMkdir not in flight; initializing
57 verbose afterAdd C:\Users\erinn\AppData\Roaming\npm-cache\bcrypt\0.8.7\package\package.json written
58 silly fetchNamedPackageData bindings
59 silly mapToRegistry name bindings
60 silly mapToRegistry using default registry
61 silly mapToRegistry registry https://registry.npmjs.org/
62 silly mapToRegistry data Result {
62 silly mapToRegistry   raw: 'bindings',
62 silly mapToRegistry   scope: null,
62 silly mapToRegistry   escapedName: 'bindings',
62 silly mapToRegistry   name: 'bindings',
62 silly mapToRegistry   rawSpec: '',
62 silly mapToRegistry   spec: 'latest',
62 silly mapToRegistry   type: 'tag' }
63 silly mapToRegistry uri https://registry.npmjs.org/bindings
64 silly fetchNamedPackageData nan
65 silly mapToRegistry name nan
66 silly mapToRegistry using default registry
67 silly mapToRegistry registry https://registry.npmjs.org/
68 silly mapToRegistry data Result {
68 silly mapToRegistry   raw: 'nan',
68 silly mapToRegistry   scope: null,
68 silly mapToRegistry   escapedName: 'nan',
68 silly mapToRegistry   name: 'nan',
68 silly mapToRegistry   rawSpec: '',
68 silly mapToRegistry   spec: 'latest',
68 silly mapToRegistry   type: 'tag' }
69 silly mapToRegistry uri https://registry.npmjs.org/nan
70 verbose request uri https://registry.npmjs.org/bindings
71 verbose request no auth needed
72 info attempt registry request try #1 at 9:55:38 PM
73 verbose etag "33TX4J3DNTGF7K41ZUV6OA182"
74 http request GET https://registry.npmjs.org/bindings
75 verbose request uri https://registry.npmjs.org/nan
76 verbose request no auth needed
77 info attempt registry request try #1 at 9:55:38 PM
78 verbose etag "1OOZJAUMBQC59OINHZGMRRCSL"
79 http request GET https://registry.npmjs.org/nan
80 http 200 https://registry.npmjs.org/bindings
81 verbose headers { server: 'CouchDB/1.5.0 (Erlang OTP/R16B03)',
81 verbose headers   etag: '"C1AW6UVQGY4VZQGFC1WTIGMDV"',
81 verbose headers   'content-type': 'application/json',
81 verbose headers   'content-encoding': 'gzip',
81 verbose headers   'cache-control': 'max-age=300',
81 verbose headers   'content-length': '3811',
81 verbose headers   'accept-ranges': 'bytes',
81 verbose headers   date: 'Sun, 09 Oct 2016 10:55:34 GMT',
81 verbose headers   via: '1.1 varnish',
81 verbose headers   age: '37',
81 verbose headers   connection: 'keep-alive',
81 verbose headers   'x-served-by': 'cache-syd1626-SYD',
81 verbose headers   'x-cache': 'HIT',
81 verbose headers   'x-cache-hits': '1',
81 verbose headers   'x-timer': 'S1476010534.848902,VS0,VE0',
81 verbose headers   vary: 'Accept-Encoding' }
82 silly get cb [ 200,
82 silly get   { server: 'CouchDB/1.5.0 (Erlang OTP/R16B03)',
82 silly get     etag: '"C1AW6UVQGY4VZQGFC1WTIGMDV"',
82 silly get     'content-type': 'application/json',
82 silly get     'content-encoding': 'gzip',
82 silly get     'cache-control': 'max-age=300',
82 silly get     'content-length': '3811',
82 silly get     'accept-ranges': 'bytes',
82 silly get     date: 'Sun, 09 Oct 2016 10:55:34 GMT',
82 silly get     via: '1.1 varnish',
82 silly get     age: '37',
82 silly get     connection: 'keep-alive',
82 silly get     'x-served-by': 'cache-syd1626-SYD',
82 silly get     'x-cache': 'HIT',
82 silly get     'x-cache-hits': '1',
82 silly get     'x-timer': 'S1476010534.848902,VS0,VE0',
82 silly get     vary: 'Accept-Encoding' } ]
83 verbose get saving bindings to C:\Users\erinn\AppData\Roaming\npm-cache\registry.npmjs.org\bindings\.cache.json
84 verbose correctMkdir C:\Users\erinn\AppData\Roaming\npm-cache correctMkdir not in flight; initializing
85 silly resolveWithNewModule bindings@1.2.1 checking installable status
86 silly cache add args [ 'bindings@1.2.1', null ]
87 verbose cache add spec bindings@1.2.1
88 silly cache add parsed spec Result {
88 silly cache add   raw: 'bindings@1.2.1',
88 silly cache add   scope: null,
88 silly cache add   escapedName: 'bindings',
88 silly cache add   name: 'bindings',
88 silly cache add   rawSpec: '1.2.1',
88 silly cache add   spec: '1.2.1',
88 silly cache add   type: 'version' }
89 silly addNamed bindings@1.2.1
90 verbose addNamed "1.2.1" is a plain semver version for bindings
91 silly mapToRegistry name bindings
92 silly mapToRegistry using default registry
93 silly mapToRegistry registry https://registry.npmjs.org/
94 silly mapToRegistry data Result {
94 silly mapToRegistry   raw: 'bindings',
94 silly mapToRegistry   scope: null,
94 silly mapToRegistry   escapedName: 'bindings',
94 silly mapToRegistry   name: 'bindings',
94 silly mapToRegistry   rawSpec: '',
94 silly mapToRegistry   spec: 'latest',
94 silly mapToRegistry   type: 'tag' }
95 silly mapToRegistry uri https://registry.npmjs.org/bindings
96 verbose addNameVersion registry:https://registry.npmjs.org/bindings not in flight; fetching
97 verbose get https://registry.npmjs.org/bindings not expired, no request
98 silly cache afterAdd bindings@1.2.1
99 verbose afterAdd C:\Users\erinn\AppData\Roaming\npm-cache\bindings\1.2.1\package\package.json not in flight; writing
100 verbose correctMkdir C:\Users\erinn\AppData\Roaming\npm-cache correctMkdir not in flight; initializing
101 verbose afterAdd C:\Users\erinn\AppData\Roaming\npm-cache\bindings\1.2.1\package\package.json written
102 http 200 https://registry.npmjs.org/nan
103 verbose headers { server: 'CouchDB/1.5.0 (Erlang OTP/R16B03)',
103 verbose headers   etag: '"1YJEPM5V4XH0MZT0HV3B8R9BB"',
103 verbose headers   'content-type': 'application/json',
103 verbose headers   'content-encoding': 'gzip',
103 verbose headers   'cache-control': 'max-age=300',
103 verbose headers   'content-length': '17162',
103 verbose headers   'accept-ranges': 'bytes',
103 verbose headers   date: 'Sun, 09 Oct 2016 10:55:34 GMT',
103 verbose headers   via: '1.1 varnish',
103 verbose headers   age: '37',
103 verbose headers   connection: 'keep-alive',
103 verbose headers   'x-served-by': 'cache-syd1623-SYD',
103 verbose headers   'x-cache': 'HIT',
103 verbose headers   'x-cache-hits': '1',
103 verbose headers   'x-timer': 'S1476010534.924251,VS0,VE0',
103 verbose headers   vary: 'Accept-Encoding' }
104 silly get cb [ 200,
104 silly get   { server: 'CouchDB/1.5.0 (Erlang OTP/R16B03)',
104 silly get     etag: '"1YJEPM5V4XH0MZT0HV3B8R9BB"',
104 silly get     'content-type': 'application/json',
104 silly get     'content-encoding': 'gzip',
104 silly get     'cache-control': 'max-age=300',
104 silly get     'content-length': '17162',
104 silly get     'accept-ranges': 'bytes',
104 silly get     date: 'Sun, 09 Oct 2016 10:55:34 GMT',
104 silly get     via: '1.1 varnish',
104 silly get     age: '37',
104 silly get     connection: 'keep-alive',
104 silly get     'x-served-by': 'cache-syd1623-SYD',
104 silly get     'x-cache': 'HIT',
104 silly get     'x-cache-hits': '1',
104 silly get     'x-timer': 'S1476010534.924251,VS0,VE0',
104 silly get     vary: 'Accept-Encoding' } ]
105 verbose get saving nan to C:\Users\erinn\AppData\Roaming\npm-cache\registry.npmjs.org\nan\.cache.json
106 verbose correctMkdir C:\Users\erinn\AppData\Roaming\npm-cache correctMkdir not in flight; initializing
107 silly resolveWithNewModule nan@2.3.5 checking installable status
108 silly cache add args [ 'nan@2.3.5', null ]
109 verbose cache add spec nan@2.3.5
110 silly cache add parsed spec Result {
110 silly cache add   raw: 'nan@2.3.5',
110 silly cache add   scope: null,
110 silly cache add   escapedName: 'nan',
110 silly cache add   name: 'nan',
110 silly cache add   rawSpec: '2.3.5',
110 silly cache add   spec: '2.3.5',
110 silly cache add   type: 'version' }
111 silly addNamed nan@2.3.5
112 verbose addNamed "2.3.5" is a plain semver version for nan
113 silly mapToRegistry name nan
114 silly mapToRegistry using default registry
115 silly mapToRegistry registry https://registry.npmjs.org/
116 silly mapToRegistry data Result {
116 silly mapToRegistry   raw: 'nan',
116 silly mapToRegistry   scope: null,
116 silly mapToRegistry   escapedName: 'nan',
116 silly mapToRegistry   name: 'nan',
116 silly mapToRegistry   rawSpec: '',
116 silly mapToRegistry   spec: 'latest',
116 silly mapToRegistry   type: 'tag' }
117 silly mapToRegistry uri https://registry.npmjs.org/nan
118 verbose addNameVersion registry:https://registry.npmjs.org/nan not in flight; fetching
119 verbose get https://registry.npmjs.org/nan not expired, no request
120 silly cache afterAdd nan@2.3.5
121 verbose afterAdd C:\Users\erinn\AppData\Roaming\npm-cache\nan\2.3.5\package\package.json not in flight; writing
122 verbose correctMkdir C:\Users\erinn\AppData\Roaming\npm-cache correctMkdir not in flight; initializing
123 verbose afterAdd C:\Users\erinn\AppData\Roaming\npm-cache\nan\2.3.5\package\package.json written
124 silly loadAllDepsIntoIdealTree Finishing
125 silly loadIdealTree Finishing
126 silly currentTree discuvr@
126 silly currentTree +-- acorn@1.2.2
126 silly currentTree +-- amdefine@1.0.0
126 silly currentTree +-- ansi-regex@2.0.0
126 silly currentTree +-- ansi-styles@1.0.0
126 silly currentTree +-- asap@2.0.5
126 silly currentTree +-- asn1@0.2.3
126 silly currentTree +-- assert-plus@0.2.0
126 silly currentTree +-- asynckit@0.4.0
126 silly currentTree +-- aws-sign2@0.6.0
126 silly currentTree +-- aws4@1.4.1
126 silly currentTree +-- balanced-match@0.4.2
126 silly currentTree +-- base64-js@0.0.2
126 silly currentTree +-- bcrypt-pbkdf@1.0.0
126 silly currentTree +-- bl@1.1.2
126 silly currentTree +-- boom@2.10.1
126 silly currentTree +-- bops@0.0.6
126 silly currentTree +-- bowser@1.4.6
126 silly currentTree +-- brace-expansion@1.1.6
126 silly currentTree +-- brfs@1.4.3
126 silly currentTree +-- buffer-equal@0.0.1
126 silly currentTree +-- call-matcher@1.0.0
126 silly currentTree | +-- core-js@2.4.1
126 silly currentTree | `-- estraverse@4.2.0
126 silly currentTree +-- caseless@0.11.0
126 silly currentTree +-- chalk@0.4.0
126 silly currentTree +-- change-emitter@0.1.2
126 silly currentTree +-- combined-stream@1.0.5
126 silly currentTree +-- commander@2.9.0
126 silly currentTree +-- concat-map@0.0.1
126 silly currentTree +-- concat-stream@1.2.1
126 silly currentTree +-- convert-source-map@1.3.0
126 silly currentTree +-- core-js@1.2.7
126 silly currentTree +-- core-util-is@1.0.2
126 silly currentTree +-- cryptiles@2.0.5
126 silly currentTree +-- csscolorparser@1.0.3
126 silly currentTree +-- dashdash@1.14.0
126 silly currentTree | `-- assert-plus@1.0.0
126 silly currentTree +-- deep-equal@1.0.1
126 silly currentTree +-- deep-is@0.1.3
126 silly currentTree +-- define-properties@1.1.2
126 silly currentTree +-- defined@1.0.0
126 silly currentTree +-- delayed-stream@1.0.0
126 silly currentTree +-- dot-object@1.5.4
126 silly currentTree +-- duplexer2@0.0.2
126 silly currentTree | +-- isarray@0.0.1
126 silly currentTree | `-- readable-stream@1.1.14
126 silly currentTree +-- earcut@2.1.1
126 silly currentTree +-- ecc-jsbn@0.1.1
126 silly currentTree +-- encoding@0.1.12
126 silly currentTree +-- es-abstract@1.6.1
126 silly currentTree +-- es-to-primitive@1.1.1
126 silly currentTree +-- escallmatch@1.5.0
126 silly currentTree | `-- esprima@2.7.3
126 silly currentTree +-- escape-string-regexp@1.0.5
126 silly currentTree +-- escodegen@1.3.3
126 silly currentTree +-- esprima@1.1.1
126 silly currentTree +-- espurify@1.6.0
126 silly currentTree | `-- core-js@2.4.1
126 silly currentTree +-- estraverse@1.5.1
126 silly currentTree +-- esutils@1.0.0
126 silly currentTree +-- extend@3.0.0
126 silly currentTree +-- extsprintf@1.0.2
126 silly currentTree +-- falafel@1.2.0
126 silly currentTree | `-- isarray@0.0.1
126 silly currentTree +-- fast-levenshtein@2.0.5
126 silly currentTree +-- fbjs@0.8.5
126 silly currentTree +-- feature-filter@2.2.0
126 silly currentTree +-- for-in@0.1.6
126 silly currentTree +-- for-own@0.1.4
126 silly currentTree +-- foreach@2.0.5
126 silly currentTree +-- forever-agent@0.6.1
126 silly currentTree +-- form-data@2.0.0
126 silly currentTree +-- fs.realpath@1.0.0
126 silly currentTree +-- function-bind@1.1.0
126 silly currentTree +-- generate-function@2.0.0
126 silly currentTree +-- generate-object-property@1.2.0
126 silly currentTree +-- geojson-area@0.1.0
126 silly currentTree +-- geojson-rewind@0.1.0
126 silly currentTree +-- geojson-vt@2.4.0
126 silly currentTree +-- getpass@0.1.6
126 silly currentTree | `-- assert-plus@1.0.0
126 silly currentTree +-- gl-matrix@2.3.2
126 silly currentTree +-- glob@7.1.0
126 silly currentTree +-- graceful-readlink@1.0.1
126 silly currentTree +-- grid-index@1.0.0
126 silly currentTree +-- har-validator@2.0.6
126 silly currentTree | +-- ansi-styles@2.2.1
126 silly currentTree | +-- chalk@1.1.3
126 silly currentTree | `-- strip-ansi@3.0.1
126 silly currentTree +-- has-ansi@2.0.0
126 silly currentTree +-- has-color@0.1.7
126 silly currentTree +-- has@1.0.1
126 silly currentTree +-- hawk@3.1.3
126 silly currentTree +-- history@2.1.2
126 silly currentTree | +-- deep-equal@1.0.1
126 silly currentTree | `-- warning@2.1.0
126 silly currentTree +-- hoek@2.16.3
126 silly currentTree +-- hoist-non-react-statics@1.2.0
126 silly currentTree +-- http-signature@1.1.1
126 silly currentTree +-- hyphenate-style-name@1.0.1
126 silly currentTree +-- iconv-lite@0.4.13
126 silly currentTree +-- ieee754@1.1.6
126 silly currentTree +-- immutable@3.8.1
126 silly currentTree +-- inflight@1.0.5
126 silly currentTree +-- inherits@2.0.3
126 silly currentTree +-- inline-style-prefixer@2.0.4
126 silly currentTree +-- invariant@2.2.1
126 silly currentTree +-- is-callable@1.1.3
126 silly currentTree +-- is-date-object@1.0.1
126 silly currentTree +-- is-my-json-valid@2.14.0
126 silly currentTree +-- is-property@1.0.2
126 silly currentTree +-- is-regex@1.0.3
126 silly currentTree +-- is-stream@1.1.0
126 silly currentTree +-- is-symbol@1.0.1
126 silly currentTree +-- is-typedarray@1.0.0
126 silly currentTree +-- isarray@1.0.0
126 silly currentTree +-- isomorphic-fetch@2.2.1
126 silly currentTree +-- isstream@0.1.2
126 silly currentTree +-- jodid25519@1.0.2
126 silly currentTree +-- js-tokens@1.0.3
126 silly currentTree +-- jsbn@0.1.0
126 silly currentTree +-- json-schema@0.2.3
126 silly currentTree +-- json-stringify-safe@5.0.1
126 silly currentTree +-- jsonlint-lines-primitives@1.6.0
126 silly currentTree +-- jsonpointer@2.0.0
126 silly currentTree +-- jsprim@1.3.1
126 silly currentTree +-- JSV@4.0.2
126 silly currentTree +-- kdbush@1.0.0
126 silly currentTree +-- keycode@2.1.7
126 silly currentTree +-- levn@0.3.0
126 silly currentTree +-- lodash._baseisequal@3.0.7
126 silly currentTree +-- lodash._bindcallback@3.0.1
126 silly currentTree +-- lodash._getnative@3.9.1
126 silly currentTree +-- lodash.isarguments@3.1.0
126 silly currentTree +-- lodash.isarray@3.0.4
126 silly currentTree +-- lodash.isequal@3.0.4
126 silly currentTree +-- lodash.istypedarray@3.0.6
126 silly currentTree +-- lodash.keys@3.1.2
126 silly currentTree +-- lodash@4.16.2
126 silly currentTree +-- loose-envify@1.2.0
126 silly currentTree +-- mapbox-gl-function@1.2.1
126 silly currentTree +-- mapbox-gl-shaders@1.0.0
126 silly currentTree +-- mapbox-gl-style-spec@8.8.0
126 silly currentTree | `-- minimist@0.0.8
126 silly currentTree +-- mapbox-gl-supported@1.2.0
126 silly currentTree +-- mapbox-gl@0.23.0
126 silly currentTree +-- material-ui@0.15.4
126 silly currentTree +-- meteor-node-stubs@0.2.3
126 silly currentTree | +-- assert@1.3.0
126 silly currentTree | +-- browserify-zlib@0.1.4
126 silly currentTree | | `-- pako@0.2.8
126 silly currentTree | +-- buffer@4.5.1
126 silly currentTree | | +-- base64-js@1.1.2
126 silly currentTree | | +-- ieee754@1.1.6
126 silly currentTree | | `-- isarray@1.0.0
126 silly currentTree | +-- console-browserify@1.1.0
126 silly currentTree | | `-- date-now@0.1.4
126 silly currentTree | +-- constants-browserify@1.0.0
126 silly currentTree | +-- crypto-browserify@3.11.0
126 silly currentTree | | +-- browserify-cipher@1.0.0
126 silly currentTree | | | +-- browserify-aes@1.0.6
126 silly currentTree | | | | +-- buffer-xor@1.0.3
126 silly currentTree | | | | `-- cipher-base@1.0.2
126 silly currentTree | | | +-- browserify-des@1.0.0
126 silly currentTree | | | | +-- cipher-base@1.0.2
126 silly currentTree | | | | `-- des.js@1.0.0
126 silly currentTree | | | |   `-- minimalistic-assert@1.0.0
126 silly currentTree | | | `-- evp_bytestokey@1.0.0
126 silly currentTree | | +-- browserify-sign@4.0.0
126 silly currentTree | | | +-- bn.js@4.11.1
126 silly currentTree | | | +-- browserify-rsa@4.0.1
126 silly currentTree | | | +-- elliptic@6.2.3
126 silly currentTree | | | | +-- brorand@1.0.5
126 silly currentTree | | | | `-- hash.js@1.0.3
126 silly currentTree | | | `-- parse-asn1@5.0.0
126 silly currentTree | | |   +-- asn1.js@4.5.2
126 silly currentTree | | |   | `-- minimalistic-assert@1.0.0
126 silly currentTree | | |   +-- browserify-aes@1.0.6
126 silly currentTree | | |   | +-- buffer-xor@1.0.3
126 silly currentTree | | |   | `-- cipher-base@1.0.2
126 silly currentTree | | |   `-- evp_bytestokey@1.0.0
126 silly currentTree | | +-- create-ecdh@4.0.0
126 silly currentTree | | | +-- bn.js@4.11.1
126 silly currentTree | | | `-- elliptic@6.2.3
126 silly currentTree | | |   +-- brorand@1.0.5
126 silly currentTree | | |   `-- hash.js@1.0.3
126 silly currentTree | | +-- create-hash@1.1.2
126 silly currentTree | | | +-- cipher-base@1.0.2
126 silly currentTree | | | +-- ripemd160@1.0.1
126 silly currentTree | | | `-- sha.js@2.4.5
126 silly currentTree | | +-- create-hmac@1.1.4
126 silly currentTree | | +-- diffie-hellman@5.0.2
126 silly currentTree | | | +-- bn.js@4.11.1
126 silly currentTree | | | `-- miller-rabin@4.0.0
126 silly currentTree | | |   `-- brorand@1.0.5
126 silly currentTree | | +-- inherits@2.0.1
126 silly currentTree | | +-- pbkdf2@3.0.4
126 silly currentTree | | +-- public-encrypt@4.0.0
126 silly currentTree | | | +-- bn.js@4.11.1
126 silly currentTree | | | +-- browserify-rsa@4.0.1
126 silly currentTree | | | `-- parse-asn1@5.0.0
126 silly currentTree | | |   +-- asn1.js@4.5.2
126 silly currentTree | | |   | `-- minimalistic-assert@1.0.0
126 silly currentTree | | |   +-- browserify-aes@1.0.6
126 silly currentTree | | |   | +-- buffer-xor@1.0.3
126 silly currentTree | | |   | `-- cipher-base@1.0.2
126 silly currentTree | | |   `-- evp_bytestokey@1.0.0
126 silly currentTree | | `-- randombytes@2.0.3
126 silly currentTree | +-- domain-browser@1.1.7
126 silly currentTree | +-- events@1.1.0
126 silly currentTree | +-- http-browserify@1.7.0
126 silly currentTree | | +-- Base64@0.2.1
126 silly currentTree | | `-- inherits@2.0.1
126 silly currentTree | +-- https-browserify@0.0.1
126 silly currentTree | +-- os-browserify@0.2.1
126 silly currentTree | +-- path-browserify@0.0.0
126 silly currentTree | +-- process@0.11.2
126 silly currentTree | +-- punycode@1.4.1
126 silly currentTree | +-- querystring-es3@0.2.1
126 silly currentTree | +-- readable-stream@2.0.6
126 silly currentTree | | +-- core-util-is@1.0.2
126 silly currentTree | | +-- inherits@2.0.1
126 silly currentTree | | +-- isarray@1.0.0
126 silly currentTree | | +-- process-nextick-args@1.0.6
126 silly currentTree | | `-- util-deprecate@1.0.2
126 silly currentTree | +-- stream-browserify@2.0.1
126 silly currentTree | | `-- inherits@2.0.1
126 silly currentTree | +-- string_decoder@0.10.31
126 silly currentTree | +-- timers-browserify@1.4.2
126 silly currentTree | +-- tty-browserify@0.0.0
126 silly currentTree | +-- url@0.11.0
126 silly currentTree | | +-- punycode@1.3.2
126 silly currentTree | | `-- querystring@0.2.0
126 silly currentTree | +-- util@0.10.3
126 silly currentTree | | `-- inherits@2.0.1
126 silly currentTree | `-- vm-browserify@0.0.4
126 silly currentTree |   `-- indexof@0.0.1
126 silly currentTree +-- mime-db@1.24.0
126 silly currentTree +-- mime-types@2.1.12
126 silly currentTree +-- minimatch@3.0.3
126 silly currentTree +-- minimist@0.0.5
126 silly currentTree +-- moment@2.15.1
126 silly currentTree +-- multi-stage-sourcemap@0.2.1
126 silly currentTree +-- node-fetch@1.6.3
126 silly currentTree +-- node-uuid@1.4.7
126 silly currentTree +-- nomnom@1.8.1
126 silly currentTree | `-- underscore@1.6.0
126 silly currentTree +-- oauth-sign@0.8.2
126 silly currentTree +-- object-assign@4.1.0
126 silly currentTree +-- object-inspect@0.4.0
126 silly currentTree +-- object-keys@1.0.11
126 silly currentTree +-- once@1.4.0
126 silly currentTree +-- optionator@0.8.2
126 silly currentTree +-- path-is-absolute@1.0.0
126 silly currentTree +-- pbf@1.3.7
126 silly currentTree +-- pinkie-promise@2.0.1
126 silly currentTree +-- pinkie@2.0.4
126 silly currentTree +-- pngjs@2.3.1
126 silly currentTree +-- point-geometry@0.0.0
126 silly currentTree +-- prelude-ls@1.1.2
126 silly currentTree +-- process-nextick-args@1.0.7
126 silly currentTree +-- promise@7.1.1
126 silly currentTree +-- protocol-buffers-schema@2.2.0
126 silly currentTree +-- qs@6.2.1
126 silly currentTree +-- query-string@3.0.3
126 silly currentTree +-- quickselect@1.0.0
126 silly currentTree +-- quote-stream@1.0.2
126 silly currentTree | `-- minimist@1.2.0
126 silly currentTree +-- react-addons-create-fragment@15.3.2
126 silly currentTree +-- react-addons-pure-render-mixin@15.3.2
126 silly currentTree +-- react-addons-transition-group@15.3.2
126 silly currentTree +-- react-dom@15.3.2
126 silly currentTree +-- react-event-listener@0.2.1
126 silly currentTree +-- react-filtered-multiselect@0.4.2
126 silly currentTree +-- react-router@2.8.1
126 silly currentTree +-- react-tap-event-plugin@1.0.0
126 silly currentTree | +-- fbjs@0.2.1
126 silly currentTree | `-- whatwg-fetch@0.9.0
126 silly currentTree +-- react@15.3.2
126 silly currentTree +-- readable-stream@2.0.6
126 silly currentTree +-- recompose@0.20.2
126 silly currentTree +-- reduce-object@0.1.3
126 silly currentTree +-- request@2.75.0
126 silly currentTree +-- resolve-protobuf-schema@2.0.0
126 silly currentTree +-- resolve-url@0.2.1
126 silly currentTree +-- resolve@1.1.7
126 silly currentTree +-- resumer@0.0.0
126 silly currentTree +-- rw@0.1.4
126 silly currentTree +-- shallow-copy@0.0.1
126 silly currentTree +-- shelf-pack@1.1.0
126 silly currentTree +-- simple-assign@0.1.0
126 silly currentTree +-- simple-react-form-material-ui@1.6.4
126 silly currentTree +-- simple-react-form@1.6.16
126 silly currentTree | `-- underscore@1.8.3
126 silly currentTree +-- sntp@1.0.9
126 silly currentTree +-- sort-asc@0.1.0
126 silly currentTree +-- sort-desc@0.1.1
126 silly currentTree +-- sort-object@0.3.2
126 silly currentTree +-- source-map@0.1.43
126 silly currentTree +-- sshpk@1.10.1
126 silly currentTree | `-- assert-plus@1.0.0
126 silly currentTree +-- static-eval@0.2.4
126 silly currentTree | +-- escodegen@0.0.28
126 silly currentTree | +-- esprima@1.0.4
126 silly currentTree | `-- estraverse@1.3.2
126 silly currentTree +-- static-module@1.3.1
126 silly currentTree | +-- concat-stream@1.4.10
126 silly currentTree | | `-- readable-stream@1.1.14
126 silly currentTree | +-- isarray@0.0.1
126 silly currentTree | +-- minimist@0.0.8
126 silly currentTree | +-- object-keys@0.4.0
126 silly currentTree | +-- quote-stream@0.0.0
126 silly currentTree | +-- readable-stream@1.0.34
126 silly currentTree | +-- through2@0.4.2
126 silly currentTree | `-- xtend@2.1.2
126 silly currentTree +-- strict-uri-encode@1.1.0
126 silly currentTree +-- string_decoder@0.10.31
126 silly currentTree +-- string.prototype.trim@1.1.2
126 silly currentTree +-- stringstream@0.0.5
126 silly currentTree +-- strip-ansi@0.1.1
126 silly currentTree +-- supercluster@2.2.0
126 silly currentTree +-- supports-color@2.0.0
126 silly currentTree +-- symbol-observable@0.2.4
126 silly currentTree +-- tape@4.6.0
126 silly currentTree | +-- glob@7.0.6
126 silly currentTree | +-- minimist@1.2.0
126 silly currentTree | `-- object-inspect@1.2.1
126 silly currentTree +-- through@2.3.8
126 silly currentTree +-- through2@2.0.1
126 silly currentTree +-- tinyqueue@1.1.0
126 silly currentTree +-- to-utf8@0.0.1
126 silly currentTree +-- tough-cookie@2.3.1
126 silly currentTree +-- tunnel-agent@0.4.3
126 silly currentTree +-- tweetnacl@0.14.3
126 silly currentTree +-- type-check@0.3.2
126 silly currentTree +-- typedarray@0.0.6
126 silly currentTree +-- ua-parser-js@0.7.10
126 silly currentTree +-- unassert@1.4.1
126 silly currentTree | +-- esprima@2.7.3
126 silly currentTree | +-- estraverse@4.2.0
126 silly currentTree | `-- esutils@2.0.2
126 silly currentTree +-- unassertify@2.0.3
126 silly currentTree | +-- escodegen@1.8.1
126 silly currentTree | +-- esprima@2.7.3
126 silly currentTree | +-- estraverse@1.9.3
126 silly currentTree | +-- esutils@2.0.2
126 silly currentTree | `-- source-map@0.2.0
126 silly currentTree +-- underscore@1.8.3
126 silly currentTree +-- unitbezier@0.0.0
126 silly currentTree +-- util-deprecate@1.0.2
126 silly currentTree +-- vector-tile@1.3.0
126 silly currentTree +-- verror@1.3.6
126 silly currentTree +-- vt-pbf@2.1.2
126 silly currentTree +-- warning@3.0.0
126 silly currentTree +-- webworkify@1.4.0
126 silly currentTree +-- wgs84@0.0.0
126 silly currentTree +-- whatwg-fetch@1.0.0
126 silly currentTree +-- whoots-js@2.1.0
126 silly currentTree +-- wordwrap@1.0.0
126 silly currentTree +-- wrappy@1.0.2
126 silly currentTree `-- xtend@4.0.1
127 silly idealTree discuvr@
127 silly idealTree +-- acorn@1.2.2
127 silly idealTree +-- amdefine@1.0.0
127 silly idealTree +-- ansi-regex@2.0.0
127 silly idealTree +-- ansi-styles@1.0.0
127 silly idealTree +-- asap@2.0.5
127 silly idealTree +-- asn1@0.2.3
127 silly idealTree +-- assert-plus@0.2.0
127 silly idealTree +-- asynckit@0.4.0
127 silly idealTree +-- aws-sign2@0.6.0
127 silly idealTree +-- aws4@1.4.1
127 silly idealTree +-- balanced-match@0.4.2
127 silly idealTree +-- base64-js@0.0.2
127 silly idealTree +-- bcrypt-pbkdf@1.0.0
127 silly idealTree +-- bcrypt@0.8.7
127 silly idealTree +-- bindings@1.2.1
127 silly idealTree +-- bl@1.1.2
127 silly idealTree +-- boom@2.10.1
127 silly idealTree +-- bops@0.0.6
127 silly idealTree +-- bowser@1.4.6
127 silly idealTree +-- brace-expansion@1.1.6
127 silly idealTree +-- brfs@1.4.3
127 silly idealTree +-- buffer-equal@0.0.1
127 silly idealTree +-- call-matcher@1.0.0
127 silly idealTree | +-- core-js@2.4.1
127 silly idealTree | `-- estraverse@4.2.0
127 silly idealTree +-- caseless@0.11.0
127 silly idealTree +-- chalk@0.4.0
127 silly idealTree +-- change-emitter@0.1.2
127 silly idealTree +-- combined-stream@1.0.5
127 silly idealTree +-- commander@2.9.0
127 silly idealTree +-- concat-map@0.0.1
127 silly idealTree +-- concat-stream@1.2.1
127 silly idealTree +-- convert-source-map@1.3.0
127 silly idealTree +-- core-js@1.2.7
127 silly idealTree +-- core-util-is@1.0.2
127 silly idealTree +-- cryptiles@2.0.5
127 silly idealTree +-- csscolorparser@1.0.3
127 silly idealTree +-- dashdash@1.14.0
127 silly idealTree | `-- assert-plus@1.0.0
127 silly idealTree +-- deep-equal@1.0.1
127 silly idealTree +-- deep-is@0.1.3
127 silly idealTree +-- define-properties@1.1.2
127 silly idealTree +-- defined@1.0.0
127 silly idealTree +-- delayed-stream@1.0.0
127 silly idealTree +-- dot-object@1.5.4
127 silly idealTree +-- duplexer2@0.0.2
127 silly idealTree | +-- isarray@0.0.1
127 silly idealTree | `-- readable-stream@1.1.14
127 silly idealTree +-- earcut@2.1.1
127 silly idealTree +-- ecc-jsbn@0.1.1
127 silly idealTree +-- encoding@0.1.12
127 silly idealTree +-- es-abstract@1.6.1
127 silly idealTree +-- es-to-primitive@1.1.1
127 silly idealTree +-- escallmatch@1.5.0
127 silly idealTree | `-- esprima@2.7.3
127 silly idealTree +-- escape-string-regexp@1.0.5
127 silly idealTree +-- escodegen@1.3.3
127 silly idealTree +-- esprima@1.1.1
127 silly idealTree +-- espurify@1.6.0
127 silly idealTree | `-- core-js@2.4.1
127 silly idealTree +-- estraverse@1.5.1
127 silly idealTree +-- esutils@1.0.0
127 silly idealTree +-- extend@3.0.0
127 silly idealTree +-- extsprintf@1.0.2
127 silly idealTree +-- falafel@1.2.0
127 silly idealTree | `-- isarray@0.0.1
127 silly idealTree +-- fast-levenshtein@2.0.5
127 silly idealTree +-- fbjs@0.8.5
127 silly idealTree +-- feature-filter@2.2.0
127 silly idealTree +-- for-in@0.1.6
127 silly idealTree +-- for-own@0.1.4
127 silly idealTree +-- foreach@2.0.5
127 silly idealTree +-- forever-agent@0.6.1
127 silly idealTree +-- form-data@2.0.0
127 silly idealTree +-- fs.realpath@1.0.0
127 silly idealTree +-- function-bind@1.1.0
127 silly idealTree +-- generate-function@2.0.0
127 silly idealTree +-- generate-object-property@1.2.0
127 silly idealTree +-- geojson-area@0.1.0
127 silly idealTree +-- geojson-rewind@0.1.0
127 silly idealTree +-- geojson-vt@2.4.0
127 silly idealTree +-- getpass@0.1.6
127 silly idealTree | `-- assert-plus@1.0.0
127 silly idealTree +-- gl-matrix@2.3.2
127 silly idealTree +-- glob@7.1.0
127 silly idealTree +-- graceful-readlink@1.0.1
127 silly idealTree +-- grid-index@1.0.0
127 silly idealTree +-- har-validator@2.0.6
127 silly idealTree | +-- ansi-styles@2.2.1
127 silly idealTree | +-- chalk@1.1.3
127 silly idealTree | `-- strip-ansi@3.0.1
127 silly idealTree +-- has-ansi@2.0.0
127 silly idealTree +-- has-color@0.1.7
127 silly idealTree +-- has@1.0.1
127 silly idealTree +-- hawk@3.1.3
127 silly idealTree +-- history@2.1.2
127 silly idealTree | +-- deep-equal@1.0.1
127 silly idealTree | `-- warning@2.1.0
127 silly idealTree +-- hoek@2.16.3
127 silly idealTree +-- hoist-non-react-statics@1.2.0
127 silly idealTree +-- http-signature@1.1.1
127 silly idealTree +-- hyphenate-style-name@1.0.1
127 silly idealTree +-- iconv-lite@0.4.13
127 silly idealTree +-- ieee754@1.1.6
127 silly idealTree +-- immutable@3.8.1
127 silly idealTree +-- inflight@1.0.5
127 silly idealTree +-- inherits@2.0.3
127 silly idealTree +-- inline-style-prefixer@2.0.4
127 silly idealTree +-- invariant@2.2.1
127 silly idealTree +-- is-callable@1.1.3
127 silly idealTree +-- is-date-object@1.0.1
127 silly idealTree +-- is-my-json-valid@2.14.0
127 silly idealTree +-- is-property@1.0.2
127 silly idealTree +-- is-regex@1.0.3
127 silly idealTree +-- is-stream@1.1.0
127 silly idealTree +-- is-symbol@1.0.1
127 silly idealTree +-- is-typedarray@1.0.0
127 silly idealTree +-- isarray@1.0.0
127 silly idealTree +-- isomorphic-fetch@2.2.1
127 silly idealTree +-- isstream@0.1.2
127 silly idealTree +-- jodid25519@1.0.2
127 silly idealTree +-- js-tokens@1.0.3
127 silly idealTree +-- jsbn@0.1.0
127 silly idealTree +-- json-schema@0.2.3
127 silly idealTree +-- json-stringify-safe@5.0.1
127 silly idealTree +-- jsonlint-lines-primitives@1.6.0
127 silly idealTree +-- jsonpointer@2.0.0
127 silly idealTree +-- jsprim@1.3.1
127 silly idealTree +-- JSV@4.0.2
127 silly idealTree +-- kdbush@1.0.0
127 silly idealTree +-- keycode@2.1.7
127 silly idealTree +-- levn@0.3.0
127 silly idealTree +-- lodash._baseisequal@3.0.7
127 silly idealTree +-- lodash._bindcallback@3.0.1
127 silly idealTree +-- lodash._getnative@3.9.1
127 silly idealTree +-- lodash.isarguments@3.1.0
127 silly idealTree +-- lodash.isarray@3.0.4
127 silly idealTree +-- lodash.isequal@3.0.4
127 silly idealTree +-- lodash.istypedarray@3.0.6
127 silly idealTree +-- lodash.keys@3.1.2
127 silly idealTree +-- lodash@4.16.2
127 silly idealTree +-- loose-envify@1.2.0
127 silly idealTree +-- mapbox-gl-function@1.2.1
127 silly idealTree +-- mapbox-gl-shaders@1.0.0
127 silly idealTree +-- mapbox-gl-style-spec@8.8.0
127 silly idealTree | `-- minimist@0.0.8
127 silly idealTree +-- mapbox-gl-supported@1.2.0
127 silly idealTree +-- mapbox-gl@0.23.0
127 silly idealTree +-- material-ui@0.15.4
127 silly idealTree +-- meteor-node-stubs@0.2.3
127 silly idealTree | +-- assert@1.3.0
127 silly idealTree | +-- browserify-zlib@0.1.4
127 silly idealTree | | `-- pako@0.2.8
127 silly idealTree | +-- buffer@4.5.1
127 silly idealTree | | +-- base64-js@1.1.2
127 silly idealTree | | +-- ieee754@1.1.6
127 silly idealTree | | `-- isarray@1.0.0
127 silly idealTree | +-- console-browserify@1.1.0
127 silly idealTree | | `-- date-now@0.1.4
127 silly idealTree | +-- constants-browserify@1.0.0
127 silly idealTree | +-- crypto-browserify@3.11.0
127 silly idealTree | | +-- browserify-cipher@1.0.0
127 silly idealTree | | | +-- browserify-aes@1.0.6
127 silly idealTree | | | | +-- buffer-xor@1.0.3
127 silly idealTree | | | | `-- cipher-base@1.0.2
127 silly idealTree | | | +-- browserify-des@1.0.0
127 silly idealTree | | | | +-- cipher-base@1.0.2
127 silly idealTree | | | | `-- des.js@1.0.0
127 silly idealTree | | | |   `-- minimalistic-assert@1.0.0
127 silly idealTree | | | `-- evp_bytestokey@1.0.0
127 silly idealTree | | +-- browserify-sign@4.0.0
127 silly idealTree | | | +-- bn.js@4.11.1
127 silly idealTree | | | +-- browserify-rsa@4.0.1
127 silly idealTree | | | +-- elliptic@6.2.3
127 silly idealTree | | | | +-- brorand@1.0.5
127 silly idealTree | | | | `-- hash.js@1.0.3
127 silly idealTree | | | `-- parse-asn1@5.0.0
127 silly idealTree | | |   +-- asn1.js@4.5.2
127 silly idealTree | | |   | `-- minimalistic-assert@1.0.0
127 silly idealTree | | |   +-- browserify-aes@1.0.6
127 silly idealTree | | |   | +-- buffer-xor@1.0.3
127 silly idealTree | | |   | `-- cipher-base@1.0.2
127 silly idealTree | | |   `-- evp_bytestokey@1.0.0
127 silly idealTree | | +-- create-ecdh@4.0.0
127 silly idealTree | | | +-- bn.js@4.11.1
127 silly idealTree | | | `-- elliptic@6.2.3
127 silly idealTree | | |   +-- brorand@1.0.5
127 silly idealTree | | |   `-- hash.js@1.0.3
127 silly idealTree | | +-- create-hash@1.1.2
127 silly idealTree | | | +-- cipher-base@1.0.2
127 silly idealTree | | | +-- ripemd160@1.0.1
127 silly idealTree | | | `-- sha.js@2.4.5
127 silly idealTree | | +-- create-hmac@1.1.4
127 silly idealTree | | +-- diffie-hellman@5.0.2
127 silly idealTree | | | +-- bn.js@4.11.1
127 silly idealTree | | | `-- miller-rabin@4.0.0
127 silly idealTree | | |   `-- brorand@1.0.5
127 silly idealTree | | +-- inherits@2.0.1
127 silly idealTree | | +-- pbkdf2@3.0.4
127 silly idealTree | | +-- public-encrypt@4.0.0
127 silly idealTree | | | +-- bn.js@4.11.1
127 silly idealTree | | | +-- browserify-rsa@4.0.1
127 silly idealTree | | | `-- parse-asn1@5.0.0
127 silly idealTree | | |   +-- asn1.js@4.5.2
127 silly idealTree | | |   | `-- minimalistic-assert@1.0.0
127 silly idealTree | | |   +-- browserify-aes@1.0.6
127 silly idealTree | | |   | +-- buffer-xor@1.0.3
127 silly idealTree | | |   | `-- cipher-base@1.0.2
127 silly idealTree | | |   `-- evp_bytestokey@1.0.0
127 silly idealTree | | `-- randombytes@2.0.3
127 silly idealTree | +-- domain-browser@1.1.7
127 silly idealTree | +-- events@1.1.0
127 silly idealTree | +-- http-browserify@1.7.0
127 silly idealTree | | +-- Base64@0.2.1
127 silly idealTree | | `-- inherits@2.0.1
127 silly idealTree | +-- https-browserify@0.0.1
127 silly idealTree | +-- os-browserify@0.2.1
127 silly idealTree | +-- path-browserify@0.0.0
127 silly idealTree | +-- process@0.11.2
127 silly idealTree | +-- punycode@1.4.1
127 silly idealTree | +-- querystring-es3@0.2.1
127 silly idealTree | +-- readable-stream@2.0.6
127 silly idealTree | | +-- core-util-is@1.0.2
127 silly idealTree | | +-- inherits@2.0.1
127 silly idealTree | | +-- isarray@1.0.0
127 silly idealTree | | +-- process-nextick-args@1.0.6
127 silly idealTree | | `-- util-deprecate@1.0.2
127 silly idealTree | +-- stream-browserify@2.0.1
127 silly idealTree | | `-- inherits@2.0.1
127 silly idealTree | +-- string_decoder@0.10.31
127 silly idealTree | +-- timers-browserify@1.4.2
127 silly idealTree | +-- tty-browserify@0.0.0
127 silly idealTree | +-- url@0.11.0
127 silly idealTree | | +-- punycode@1.3.2
127 silly idealTree | | `-- querystring@0.2.0
127 silly idealTree | +-- util@0.10.3
127 silly idealTree | | `-- inherits@2.0.1
127 silly idealTree | `-- vm-browserify@0.0.4
127 silly idealTree |   `-- indexof@0.0.1
127 silly idealTree +-- mime-db@1.24.0
127 silly idealTree +-- mime-types@2.1.12
127 silly idealTree +-- minimatch@3.0.3
127 silly idealTree +-- minimist@0.0.5
127 silly idealTree +-- moment@2.15.1
127 silly idealTree +-- multi-stage-sourcemap@0.2.1
127 silly idealTree +-- nan@2.3.5
127 silly idealTree +-- node-fetch@1.6.3
127 silly idealTree +-- node-uuid@1.4.7
127 silly idealTree +-- nomnom@1.8.1
127 silly idealTree | `-- underscore@1.6.0
127 silly idealTree +-- oauth-sign@0.8.2
127 silly idealTree +-- object-assign@4.1.0
127 silly idealTree +-- object-inspect@0.4.0
127 silly idealTree +-- object-keys@1.0.11
127 silly idealTree +-- once@1.4.0
127 silly idealTree +-- optionator@0.8.2
127 silly idealTree +-- path-is-absolute@1.0.0
127 silly idealTree +-- pbf@1.3.7
127 silly idealTree +-- pinkie-promise@2.0.1
127 silly idealTree +-- pinkie@2.0.4
127 silly idealTree +-- pngjs@2.3.1
127 silly idealTree +-- point-geometry@0.0.0
127 silly idealTree +-- prelude-ls@1.1.2
127 silly idealTree +-- process-nextick-args@1.0.7
127 silly idealTree +-- promise@7.1.1
127 silly idealTree +-- protocol-buffers-schema@2.2.0
127 silly idealTree +-- qs@6.2.1
127 silly idealTree +-- query-string@3.0.3
127 silly idealTree +-- quickselect@1.0.0
127 silly idealTree +-- quote-stream@1.0.2
127 silly idealTree | `-- minimist@1.2.0
127 silly idealTree +-- react-addons-create-fragment@15.3.2
127 silly idealTree +-- react-addons-pure-render-mixin@15.3.2
127 silly idealTree +-- react-addons-transition-group@15.3.2
127 silly idealTree +-- react-dom@15.3.2
127 silly idealTree +-- react-event-listener@0.2.1
127 silly idealTree +-- react-filtered-multiselect@0.4.2
127 silly idealTree +-- react-router@2.8.1
127 silly idealTree +-- react-tap-event-plugin@1.0.0
127 silly idealTree | +-- fbjs@0.2.1
127 silly idealTree | `-- whatwg-fetch@0.9.0
127 silly idealTree +-- react@15.3.2
127 silly idealTree +-- readable-stream@2.0.6
127 silly idealTree +-- recompose@0.20.2
127 silly idealTree +-- reduce-object@0.1.3
127 silly idealTree +-- request@2.75.0
127 silly idealTree +-- resolve-protobuf-schema@2.0.0
127 silly idealTree +-- resolve-url@0.2.1
127 silly idealTree +-- resolve@1.1.7
127 silly idealTree +-- resumer@0.0.0
127 silly idealTree +-- rw@0.1.4
127 silly idealTree +-- shallow-copy@0.0.1
127 silly idealTree +-- shelf-pack@1.1.0
127 silly idealTree +-- simple-assign@0.1.0
127 silly idealTree +-- simple-react-form-material-ui@1.6.4
127 silly idealTree +-- simple-react-form@1.6.16
127 silly idealTree | `-- underscore@1.8.3
127 silly idealTree +-- sntp@1.0.9
127 silly idealTree +-- sort-asc@0.1.0
127 silly idealTree +-- sort-desc@0.1.1
127 silly idealTree +-- sort-object@0.3.2
127 silly idealTree +-- source-map@0.1.43
127 silly idealTree +-- sshpk@1.10.1
127 silly idealTree | `-- assert-plus@1.0.0
127 silly idealTree +-- static-eval@0.2.4
127 silly idealTree | +-- escodegen@0.0.28
127 silly idealTree | +-- esprima@1.0.4
127 silly idealTree | `-- estraverse@1.3.2
127 silly idealTree +-- static-module@1.3.1
127 silly idealTree | +-- concat-stream@1.4.10
127 silly idealTree | | `-- readable-stream@1.1.14
127 silly idealTree | +-- isarray@0.0.1
127 silly idealTree | +-- minimist@0.0.8
127 silly idealTree | +-- object-keys@0.4.0
127 silly idealTree | +-- quote-stream@0.0.0
127 silly idealTree | +-- readable-stream@1.0.34
127 silly idealTree | +-- through2@0.4.2
127 silly idealTree | `-- xtend@2.1.2
127 silly idealTree +-- strict-uri-encode@1.1.0
127 silly idealTree +-- string_decoder@0.10.31
127 silly idealTree +-- string.prototype.trim@1.1.2
127 silly idealTree +-- stringstream@0.0.5
127 silly idealTree +-- strip-ansi@0.1.1
127 silly idealTree +-- supercluster@2.2.0
127 silly idealTree +-- supports-color@2.0.0
127 silly idealTree +-- symbol-observable@0.2.4
127 silly idealTree +-- tape@4.6.0
127 silly idealTree | +-- glob@7.0.6
127 silly idealTree | +-- minimist@1.2.0
127 silly idealTree | `-- object-inspect@1.2.1
127 silly idealTree +-- through@2.3.8
127 silly idealTree +-- through2@2.0.1
127 silly idealTree +-- tinyqueue@1.1.0
127 silly idealTree +-- to-utf8@0.0.1
127 silly idealTree +-- tough-cookie@2.3.1
127 silly idealTree +-- tunnel-agent@0.4.3
127 silly idealTree +-- tweetnacl@0.14.3
127 silly idealTree +-- type-check@0.3.2
127 silly idealTree +-- typedarray@0.0.6
127 silly idealTree +-- ua-parser-js@0.7.10
127 silly idealTree +-- unassert@1.4.1
127 silly idealTree | +-- esprima@2.7.3
127 silly idealTree | +-- estraverse@4.2.0
127 silly idealTree | `-- esutils@2.0.2
127 silly idealTree +-- unassertify@2.0.3
127 silly idealTree | +-- escodegen@1.8.1
127 silly idealTree | +-- esprima@2.7.3
127 silly idealTree | +-- estraverse@1.9.3
127 silly idealTree | +-- esutils@2.0.2
127 silly idealTree | `-- source-map@0.2.0
127 silly idealTree +-- underscore@1.8.3
127 silly idealTree +-- unitbezier@0.0.0
127 silly idealTree +-- util-deprecate@1.0.2
127 silly idealTree +-- vector-tile@1.3.0
127 silly idealTree +-- verror@1.3.6
127 silly idealTree +-- vt-pbf@2.1.2
127 silly idealTree +-- warning@3.0.0
127 silly idealTree +-- webworkify@1.4.0
127 silly idealTree +-- wgs84@0.0.0
127 silly idealTree +-- whatwg-fetch@1.0.0
127 silly idealTree +-- whoots-js@2.1.0
127 silly idealTree +-- wordwrap@1.0.0
127 silly idealTree +-- wrappy@1.0.2
127 silly idealTree `-- xtend@4.0.1
128 silly generateActionsToTake Starting
129 silly install generateActionsToTake
130 silly generateActionsToTake Finishing
131 silly diffTrees action count 3
132 silly diffTrees add bindings@1.2.1
133 silly diffTrees add nan@2.3.5
134 silly diffTrees add bcrypt@0.8.7
135 silly decomposeActions action count 24
136 silly decomposeActions fetch bindings@1.2.1
137 silly decomposeActions extract bindings@1.2.1
138 silly decomposeActions test bindings@1.2.1
139 silly decomposeActions preinstall bindings@1.2.1
140 silly decomposeActions build bindings@1.2.1
141 silly decomposeActions install bindings@1.2.1
142 silly decomposeActions postinstall bindings@1.2.1
143 silly decomposeActions finalize bindings@1.2.1
144 silly decomposeActions fetch nan@2.3.5
145 silly decomposeActions extract nan@2.3.5
146 silly decomposeActions test nan@2.3.5
147 silly decomposeActions preinstall nan@2.3.5
148 silly decomposeActions build nan@2.3.5
149 silly decomposeActions install nan@2.3.5
150 silly decomposeActions postinstall nan@2.3.5
151 silly decomposeActions finalize nan@2.3.5
152 silly decomposeActions fetch bcrypt@0.8.7
153 silly decomposeActions extract bcrypt@0.8.7
154 silly decomposeActions test bcrypt@0.8.7
155 silly decomposeActions preinstall bcrypt@0.8.7
156 silly decomposeActions build bcrypt@0.8.7
157 silly decomposeActions install bcrypt@0.8.7
158 silly decomposeActions postinstall bcrypt@0.8.7
159 silly decomposeActions finalize bcrypt@0.8.7
160 silly runTopLevelLifecycles Starting
161 silly executeActions Starting
162 silly install executeActions
163 silly doSerial global-install 0
164 silly doParallel fetch 3
165 verbose correctMkdir C:\Users\erinn\AppData\Roaming\npm-cache\_locks correctMkdir not in flight; initializing
166 verbose lock using C:\Users\erinn\AppData\Roaming\npm-cache\_locks\staging-2c54b89694694bc5.lock for C:\Users\erinn\Documents\16s2\SEP\discuvr\node_modules\.staging
167 silly doParallel extract 3
168 silly extract bindings@1.2.1
169 silly extract nan@2.3.5
170 silly extract bcrypt@0.8.7
171 verbose unbuild node_modules\.staging\nan-ae26099d
172 verbose unbuild node_modules\.staging\bindings-1e64055d
173 verbose unbuild node_modules\.staging\bcrypt-fdcd1874
174 silly gentlyRm C:\Users\erinn\Documents\16s2\SEP\discuvr\node_modules\.staging\nan-ae26099d is being purged from base C:\Users\erinn\Documents\16s2\SEP\discuvr
175 verbose gentlyRm don't care about contents; nuking C:\Users\erinn\Documents\16s2\SEP\discuvr\node_modules\.staging\nan-ae26099d
176 silly gentlyRm C:\Users\erinn\Documents\16s2\SEP\discuvr\node_modules\.staging\bindings-1e64055d is being purged from base C:\Users\erinn\Documents\16s2\SEP\discuvr
177 verbose gentlyRm don't care about contents; nuking C:\Users\erinn\Documents\16s2\SEP\discuvr\node_modules\.staging\bindings-1e64055d
178 verbose tar unpack C:\Users\erinn\AppData\Roaming\npm-cache\nan\2.3.5\package.tgz
179 verbose tar unpacking to C:\Users\erinn\Documents\16s2\SEP\discuvr\node_modules\.staging\nan-ae26099d
180 silly gentlyRm C:\Users\erinn\Documents\16s2\SEP\discuvr\node_modules\.staging\nan-ae26099d is being purged
181 verbose gentlyRm don't care about contents; nuking C:\Users\erinn\Documents\16s2\SEP\discuvr\node_modules\.staging\nan-ae26099d
182 verbose tar unpack C:\Users\erinn\AppData\Roaming\npm-cache\bindings\1.2.1\package.tgz
183 verbose tar unpacking to C:\Users\erinn\Documents\16s2\SEP\discuvr\node_modules\.staging\bindings-1e64055d
184 silly gentlyRm C:\Users\erinn\Documents\16s2\SEP\discuvr\node_modules\.staging\bindings-1e64055d is being purged
185 verbose gentlyRm don't care about contents; nuking C:\Users\erinn\Documents\16s2\SEP\discuvr\node_modules\.staging\bindings-1e64055d
186 silly gentlyRm C:\Users\erinn\Documents\16s2\SEP\discuvr\node_modules\.staging\bcrypt-fdcd1874 is being purged from base C:\Users\erinn\Documents\16s2\SEP\discuvr
187 verbose gentlyRm don't care about contents; nuking C:\Users\erinn\Documents\16s2\SEP\discuvr\node_modules\.staging\bcrypt-fdcd1874
188 silly gunzTarPerm modes [ '777', '666' ]
189 silly gunzTarPerm modes [ '777', '666' ]
190 verbose tar unpack C:\Users\erinn\AppData\Roaming\npm-cache\bcrypt\0.8.7\package.tgz
191 verbose tar unpacking to C:\Users\erinn\Documents\16s2\SEP\discuvr\node_modules\.staging\bcrypt-fdcd1874
192 silly gentlyRm C:\Users\erinn\Documents\16s2\SEP\discuvr\node_modules\.staging\bcrypt-fdcd1874 is being purged
193 verbose gentlyRm don't care about contents; nuking C:\Users\erinn\Documents\16s2\SEP\discuvr\node_modules\.staging\bcrypt-fdcd1874
194 silly gunzTarPerm modes [ '777', '666' ]
195 silly gunzTarPerm extractEntry package.json
196 silly gunzTarPerm modified mode [ 'package.json', 436, 438 ]
197 silly gunzTarPerm extractEntry package.json
198 silly gunzTarPerm modified mode [ 'package.json', 420, 438 ]
199 silly gunzTarPerm extractEntry package.json
200 silly gunzTarPerm modified mode [ 'package.json', 420, 438 ]
201 silly gunzTarPerm extractEntry README.md
202 silly gunzTarPerm modified mode [ 'README.md', 436, 438 ]
203 silly gunzTarPerm extractEntry include_dirs.js
204 silly gunzTarPerm modified mode [ 'include_dirs.js', 436, 438 ]
205 silly gunzTarPerm extractEntry README.md
206 silly gunzTarPerm modified mode [ 'README.md', 420, 438 ]
207 silly gunzTarPerm extractEntry bindings.js
208 silly gunzTarPerm modified mode [ 'bindings.js', 420, 438 ]
209 silly gunzTarPerm extractEntry .npmignore
210 silly gunzTarPerm modified mode [ '.npmignore', 420, 438 ]
211 silly gunzTarPerm extractEntry README.md
212 silly gunzTarPerm modified mode [ 'README.md', 420, 438 ]
213 silly gunzTarPerm extractEntry LICENSE
214 silly gunzTarPerm modified mode [ 'LICENSE', 420, 438 ]
215 silly gunzTarPerm extractEntry bcrypt.js
216 silly gunzTarPerm modified mode [ 'bcrypt.js', 420, 438 ]
217 silly gunzTarPerm extractEntry Makefile
218 silly gunzTarPerm modified mode [ 'Makefile', 420, 438 ]
219 silly gunzTarPerm extractEntry .travis.yml
220 silly gunzTarPerm modified mode [ '.travis.yml', 420, 438 ]
221 silly gunzTarPerm extractEntry CHANGELOG.md
222 silly gunzTarPerm modified mode [ 'CHANGELOG.md', 420, 438 ]
223 silly gunzTarPerm extractEntry binding.gyp
224 silly gunzTarPerm modified mode [ 'binding.gyp', 420, 438 ]
225 silly gunzTarPerm extractEntry examples/async_compare.js
226 silly gunzTarPerm modified mode [ 'examples/async_compare.js', 420, 438 ]
227 silly gunzTarPerm extractEntry examples/forever_gen_salt.js
228 silly gunzTarPerm modified mode [ 'examples/forever_gen_salt.js', 420, 438 ]
229 silly gunzTarPerm extractEntry test/async.js
230 silly gunzTarPerm modified mode [ 'test/async.js', 420, 438 ]
231 silly gunzTarPerm extractEntry test/repetitions.js
232 silly gunzTarPerm modified mode [ 'test/repetitions.js', 420, 438 ]
233 silly gunzTarPerm extractEntry test/sync.js
234 silly gunzTarPerm modified mode [ 'test/sync.js', 420, 438 ]
235 silly gunzTarPerm extractEntry ISSUE_TEMPLATE.md
236 silly gunzTarPerm modified mode [ 'ISSUE_TEMPLATE.md', 420, 438 ]
237 silly gunzTarPerm extractEntry src/bcrypt.cc
238 silly gunzTarPerm modified mode [ 'src/bcrypt.cc', 420, 438 ]
239 silly gunzTarPerm extractEntry src/bcrypt_node.cc
240 silly gunzTarPerm modified mode [ 'src/bcrypt_node.cc', 420, 438 ]
241 silly gunzTarPerm extractEntry src/blowfish.cc
242 silly gunzTarPerm modified mode [ 'src/blowfish.cc', 420, 438 ]
243 silly gunzTarPerm extractEntry src/node_blf.h
244 silly gunzTarPerm modified mode [ 'src/node_blf.h', 420, 438 ]
245 silly gunzTarPerm extractEntry werker.yml
246 silly gunzTarPerm modified mode [ 'werker.yml', 420, 438 ]
247 silly gunzTarPerm extractEntry nan_converters.h
248 silly gunzTarPerm modified mode [ 'nan_converters.h', 436, 438 ]
249 silly gunzTarPerm extractEntry LICENSE.md
250 silly gunzTarPerm modified mode [ 'LICENSE.md', 436, 438 ]
251 silly gunzTarPerm extractEntry doc/node_misc.md
252 silly gunzTarPerm modified mode [ 'doc/node_misc.md', 436, 438 ]
253 silly gunzTarPerm extractEntry doc/asyncworker.md
254 silly gunzTarPerm modified mode [ 'doc/asyncworker.md', 436, 438 ]
255 silly gunzTarPerm extractEntry doc/callback.md
256 silly gunzTarPerm modified mode [ 'doc/callback.md', 436, 438 ]
257 silly gunzTarPerm extractEntry doc/converters.md
258 silly gunzTarPerm modified mode [ 'doc/converters.md', 436, 438 ]
259 silly gunzTarPerm extractEntry doc/errors.md
260 silly gunzTarPerm modified mode [ 'doc/errors.md', 436, 438 ]
261 silly gunzTarPerm extractEntry doc/maybe_types.md
262 silly gunzTarPerm modified mode [ 'doc/maybe_types.md', 436, 438 ]
263 silly gunzTarPerm extractEntry doc/methods.md
264 silly gunzTarPerm modified mode [ 'doc/methods.md', 436, 438 ]
265 silly gunzTarPerm extractEntry doc/new.md
266 silly gunzTarPerm modified mode [ 'doc/new.md', 436, 438 ]
267 silly gunzTarPerm extractEntry doc/buffers.md
268 silly gunzTarPerm modified mode [ 'doc/buffers.md', 436, 438 ]
269 silly gunzTarPerm extractEntry doc/object_wrappers.md
270 silly gunzTarPerm modified mode [ 'doc/object_wrappers.md', 436, 438 ]
271 silly gentlyRm C:\Users\erinn\Documents\16s2\SEP\discuvr\node_modules\.staging\bindings-1e64055d\node_modules is being purged
272 verbose gentlyRm don't care about contents; nuking C:\Users\erinn\Documents\16s2\SEP\discuvr\node_modules\.staging\bindings-1e64055d\node_modules
273 silly gunzTarPerm extractEntry doc/persistent.md
274 silly gunzTarPerm modified mode [ 'doc/persistent.md', 436, 438 ]
275 silly gunzTarPerm extractEntry doc/scopes.md
276 silly gunzTarPerm modified mode [ 'doc/scopes.md', 436, 438 ]
277 silly gunzTarPerm extractEntry doc/script.md
278 silly gunzTarPerm modified mode [ 'doc/script.md', 436, 438 ]
279 silly gunzTarPerm extractEntry doc/string_bytes.md
280 silly gunzTarPerm modified mode [ 'doc/string_bytes.md', 436, 438 ]
281 silly gunzTarPerm extractEntry doc/v8_internals.md
282 silly gunzTarPerm modified mode [ 'doc/v8_internals.md', 436, 438 ]
283 silly gunzTarPerm extractEntry doc/v8_misc.md
284 silly gunzTarPerm modified mode [ 'doc/v8_misc.md', 436, 438 ]
285 silly gunzTarPerm extractEntry nan.h
286 silly gunzTarPerm modified mode [ 'nan.h', 436, 438 ]
287 silly gunzTarPerm extractEntry nan_callbacks.h
288 silly gunzTarPerm modified mode [ 'nan_callbacks.h', 436, 438 ]
289 silly gunzTarPerm extractEntry nan_callbacks_12_inl.h
290 silly gunzTarPerm modified mode [ 'nan_callbacks_12_inl.h', 436, 438 ]
291 silly gunzTarPerm extractEntry nan_callbacks_pre_12_inl.h
292 silly gunzTarPerm modified mode [ 'nan_callbacks_pre_12_inl.h', 436, 438 ]
293 silly gunzTarPerm extractEntry nan_converters_43_inl.h
294 silly gunzTarPerm modified mode [ 'nan_converters_43_inl.h', 436, 438 ]
295 silly gunzTarPerm extractEntry nan_converters_pre_43_inl.h
296 silly gunzTarPerm modified mode [ 'nan_converters_pre_43_inl.h', 436, 438 ]
297 silly gunzTarPerm extractEntry nan_implementation_12_inl.h
298 silly gunzTarPerm modified mode [ 'nan_implementation_12_inl.h', 436, 438 ]
299 silly gunzTarPerm extractEntry nan_implementation_pre_12_inl.h
300 silly gunzTarPerm modified mode [ 'nan_implementation_pre_12_inl.h', 436, 438 ]
301 silly gunzTarPerm extractEntry nan_maybe_43_inl.h
302 silly gunzTarPerm modified mode [ 'nan_maybe_43_inl.h', 436, 438 ]
303 silly gunzTarPerm extractEntry nan_maybe_pre_43_inl.h
304 silly gunzTarPerm modified mode [ 'nan_maybe_pre_43_inl.h', 436, 438 ]
305 silly gunzTarPerm extractEntry nan_new.h
306 silly gunzTarPerm modified mode [ 'nan_new.h', 436, 438 ]
307 silly gunzTarPerm extractEntry nan_object_wrap.h
308 silly gunzTarPerm modified mode [ 'nan_object_wrap.h', 436, 438 ]
309 silly gunzTarPerm extractEntry nan_persistent_12_inl.h
310 silly gunzTarPerm modified mode [ 'nan_persistent_12_inl.h', 436, 438 ]
311 silly gunzTarPerm extractEntry nan_persistent_pre_12_inl.h
312 silly gunzTarPerm modified mode [ 'nan_persistent_pre_12_inl.h', 436, 438 ]
313 silly gunzTarPerm extractEntry nan_string_bytes.h
314 silly gunzTarPerm modified mode [ 'nan_string_bytes.h', 436, 438 ]
315 silly gunzTarPerm extractEntry nan_typedarray_contents.h
316 silly gunzTarPerm modified mode [ 'nan_typedarray_contents.h', 436, 438 ]
317 silly gunzTarPerm extractEntry nan_weak.h
318 silly gunzTarPerm modified mode [ 'nan_weak.h', 436, 438 ]
319 silly gunzTarPerm extractEntry CHANGELOG.md
320 silly gunzTarPerm modified mode [ 'CHANGELOG.md', 436, 438 ]
321 silly gunzTarPerm extractEntry tools/package.json
322 silly gunzTarPerm modified mode [ 'tools/package.json', 436, 438 ]
323 silly gunzTarPerm extractEntry tools/README.md
324 silly gunzTarPerm modified mode [ 'tools/README.md', 436, 438 ]
325 silly gunzTarPerm extractEntry tools/1to2.js
326 silly gunzTarPerm modified mode [ 'tools/1to2.js', 509, 511 ]
327 silly gentlyRm C:\Users\erinn\Documents\16s2\SEP\discuvr\node_modules\.staging\bcrypt-fdcd1874\node_modules is being purged
328 verbose gentlyRm don't care about contents; nuking C:\Users\erinn\Documents\16s2\SEP\discuvr\node_modules\.staging\bcrypt-fdcd1874\node_modules
329 silly gentlyRm C:\Users\erinn\Documents\16s2\SEP\discuvr\node_modules\.staging\nan-ae26099d\node_modules is being purged
330 verbose gentlyRm don't care about contents; nuking C:\Users\erinn\Documents\16s2\SEP\discuvr\node_modules\.staging\nan-ae26099d\node_modules
331 silly doParallel preinstall 3
332 silly preinstall bindings@1.2.1 C:\Users\erinn\Documents\16s2\SEP\discuvr\node_modules\.staging\bindings-1e64055d
333 info lifecycle bindings@1.2.1~preinstall: bindings@1.2.1
334 silly preinstall nan@2.3.5 C:\Users\erinn\Documents\16s2\SEP\discuvr\node_modules\.staging\nan-ae26099d
335 info lifecycle nan@2.3.5~preinstall: nan@2.3.5
336 silly preinstall bcrypt@0.8.7 C:\Users\erinn\Documents\16s2\SEP\discuvr\node_modules\.staging\bcrypt-fdcd1874
337 info lifecycle bcrypt@0.8.7~preinstall: bcrypt@0.8.7
338 silly lifecycle bindings@1.2.1~preinstall: no script for preinstall, continuing
339 silly lifecycle nan@2.3.5~preinstall: no script for preinstall, continuing
340 silly lifecycle bcrypt@0.8.7~preinstall: no script for preinstall, continuing
341 silly doReverseSerial remove 0
342 silly doSerial move 0
343 silly doSerial finalize 3
344 silly finalize C:\Users\erinn\Documents\16s2\SEP\discuvr\node_modules\bindings
345 silly finalize C:\Users\erinn\Documents\16s2\SEP\discuvr\node_modules\nan
346 silly finalize C:\Users\erinn\Documents\16s2\SEP\discuvr\node_modules\bcrypt
347 silly doSerial build 3
348 silly build bindings@1.2.1
349 info linkStuff bindings@1.2.1
350 silly linkStuff bindings@1.2.1 has C:\Users\erinn\Documents\16s2\SEP\discuvr\node_modules as its parent node_modules
351 verbose linkBins bindings@1.2.1
352 verbose linkMans bindings@1.2.1
353 silly build nan@2.3.5
354 info linkStuff nan@2.3.5
355 silly linkStuff nan@2.3.5 has C:\Users\erinn\Documents\16s2\SEP\discuvr\node_modules as its parent node_modules
356 verbose linkBins nan@2.3.5
357 verbose linkMans nan@2.3.5
358 silly build bcrypt@0.8.7
359 info linkStuff bcrypt@0.8.7
360 silly linkStuff bcrypt@0.8.7 has C:\Users\erinn\Documents\16s2\SEP\discuvr\node_modules as its parent node_modules
361 verbose linkBins bcrypt@0.8.7
362 verbose linkMans bcrypt@0.8.7
363 silly doSerial global-link 0
364 silly doParallel update-linked 0
365 silly doSerial install 3
366 silly install bindings@1.2.1 C:\Users\erinn\Documents\16s2\SEP\discuvr\node_modules\.staging\bindings-1e64055d
367 info lifecycle bindings@1.2.1~install: bindings@1.2.1
368 silly lifecycle bindings@1.2.1~install: no script for install, continuing
369 silly install nan@2.3.5 C:\Users\erinn\Documents\16s2\SEP\discuvr\node_modules\.staging\nan-ae26099d
370 info lifecycle nan@2.3.5~install: nan@2.3.5
371 silly lifecycle nan@2.3.5~install: no script for install, continuing
372 silly install bcrypt@0.8.7 C:\Users\erinn\Documents\16s2\SEP\discuvr\node_modules\.staging\bcrypt-fdcd1874
373 info lifecycle bcrypt@0.8.7~install: bcrypt@0.8.7
374 verbose lifecycle bcrypt@0.8.7~install: unsafe-perm in lifecycle true
375 verbose lifecycle bcrypt@0.8.7~install: PATH: C:\Users\erinn\AppData\Local\.meteor\packages\meteor-tool\1.4.1_2\mt-os.windows.x86_32\dev_bundle\lib\node_modules\npm\bin\node-gyp-bin;C:\Users\erinn\Documents\16s2\SEP\discuvr\node_modules\bcrypt\node_modules\.bin;C:\Users\erinn\Documents\16s2\SEP\discuvr\node_modules\.bin;C:\Users\erinn\AppData\Local\.meteor\packages\meteor-tool\1.4.1_2\mt-os.windows.x86_32\dev_bundle\bin;C:\Users\erinn\AppData\Local\.meteor\packages\meteor-tool\1.4.1_2\mt-os.windows.x86_32\dev_bundle\lib\node_modules\.bin;C:\ProgramData\Oracle\Java\javapath;C:\WINDOWS\system32;C:\WINDOWS;C:\WINDOWS\System32\Wbem;C:\WINDOWS\System32\WindowsPowerShell\v1.0\;C:\WINDOWS\system32\config\systemprofile\.dnx\bin;C:\Program Files\Microsoft DNX\Dnvm\;C:\Program Files (x86)\Windows Kits\8.1\Windows Performance Toolkit\;C:\Program Files\Microsoft SQL Server\130\Tools\Binn\;C:\Program Files\Git\cmd;C:\Program Files (x86)\scala\bin;C:\Program Files\nodejs\;C:\Program Files\Java\jdk1.8.0_77\bin;C:\Users\erinn\AppData\Local\Android\sdk\platform-tools;C:\Users\erinn\AppData\Local\.meteor\;C:\Program Files\Git\bin\git.exe;C:\Program Files\Git\git-cmd.exe;C:\Users\erinn\AppData\Local\Microsoft\WindowsApps;C:\Program Files (x86)\scala\bin;C:\Users\erinn\AppData\Roaming\npm
376 verbose lifecycle bcrypt@0.8.7~install: CWD: C:\Users\erinn\Documents\16s2\SEP\discuvr\node_modules\bcrypt
377 silly lifecycle bcrypt@0.8.7~install: Args: [ '/d /s /c', 'node-gyp rebuild' ]
378 silly lifecycle bcrypt@0.8.7~install: Returned: code: 1  signal: null
379 info lifecycle bcrypt@0.8.7~install: Failed to exec install script
380 verbose unlock done using C:\Users\erinn\AppData\Roaming\npm-cache\_locks\staging-2c54b89694694bc5.lock for C:\Users\erinn\Documents\16s2\SEP\discuvr\node_modules\.staging
381 silly rollbackFailedOptional Starting
382 silly rollbackFailedOptional Finishing
383 silly runTopLevelLifecycles Finishing
384 silly install printInstalled
385 verbose stack Error: bcrypt@0.8.7 install: `node-gyp rebuild`
385 verbose stack Exit status 1
385 verbose stack     at EventEmitter.<anonymous> (C:\Users\erinn\AppData\Local\.meteor\packages\meteor-tool\1.4.1_2\mt-os.windows.x86_32\dev_bundle\lib\node_modules\npm\lib\utils\lifecycle.js:255:16)
385 verbose stack     at emitTwo (events.js:87:13)
385 verbose stack     at EventEmitter.emit (events.js:172:7)
385 verbose stack     at ChildProcess.<anonymous> (C:\Users\erinn\AppData\Local\.meteor\packages\meteor-tool\1.4.1_2\mt-os.windows.x86_32\dev_bundle\lib\node_modules\npm\lib\utils\spawn.js:40:14)
385 verbose stack     at emitTwo (events.js:87:13)
385 verbose stack     at ChildProcess.emit (events.js:172:7)
385 verbose stack     at maybeClose (internal/child_process.js:829:16)
385 verbose stack     at Process.ChildProcess._handle.onexit (internal/child_process.js:211:5)
386 verbose pkgid bcrypt@0.8.7
387 verbose cwd C:\Users\erinn\Documents\16s2\SEP\discuvr
388 error Windows_NT 10.0.14393
389 error argv "C:\\Users\\erinn\\AppData\\Local\\.meteor\\packages\\meteor-tool\\1.4.1_2\\mt-os.windows.x86_32\\dev_bundle\\bin\\node.exe" "C:\\Users\\erinn\\AppData\\Local\\.meteor\\packages\\meteor-tool\\1.4.1_2\\mt-os.windows.x86_32\\dev_bundle\\lib\\node_modules\\npm\\bin\\npm-cli.js" "install" "--save" "bcrypt"
390 error node v4.6.0
391 error npm  v3.10.8
392 error code ELIFECYCLE
393 error bcrypt@0.8.7 install: `node-gyp rebuild`
393 error Exit status 1
394 error Failed at the bcrypt@0.8.7 install script 'node-gyp rebuild'.
394 error Make sure you have the latest version of node.js and npm installed.
394 error If you do, this is most likely a problem with the bcrypt package,
394 error not with npm itself.
394 error Tell the author that this fails on your system:
394 error     node-gyp rebuild
394 error You can get information on how to open an issue for this project with:
394 error     npm bugs bcrypt
394 error Or if that isn't available, you can get their info via:
394 error     npm owner ls bcrypt
394 error There is likely additional logging output above.
395 verbose exit [ 1, true ]
